<?xml version="1.0" encoding="UTF-8" ?>
<testsuite errors="0" failures="0" hostname="P1268606A" name="junit.tutorial.CalculatorParameterizedTest" tests="5" time="0.288" timestamp="2012-06-28T07:59:05">
  <properties>
[...]
</properties>
  <testcase classname="junit.tutorial.CalculatorParameterizedTest$乗算メソッドのパラメータ化テスト" name="multiplyで乗算結果が取得できること" time="0.041" />
  <testcase classname="junit.tutorial.CalculatorParameterizedTest$乗算メソッドのパラメータ化テスト" name="multiplyで3と4の乗算結果が取得できること" time="0.0020" />
  <testcase classname="junit.tutorial.CalculatorParameterizedTest$乗算メソッドのパラメータ化テスト" name="multiplyで5と7の乗算結果が取得できること" time="0.0090" />
  <testcase classname="junit.tutorial.CalculatorParameterizedTest$除算メソッドのパラメータ化テスト" name="divideで除算結果が取得できること" time="0.024" />
  <testcase classname="junit.tutorial.CalculatorParameterizedTest$除算メソッドのパラメータ化テスト" name="divideの第２引数に0を指定した場合にはIllegalArgumentExceptionを送出する" time="0.011" />
  <system-out><![CDATA[3 * 4 = 12
5 * 7 = 35
]]></system-out>
  <system-err><![CDATA[]]></system-err>
</testsuite>
